# //  ModelSim SE-64 10.5 Feb 13 2016 
# //
# //  Copyright 1991-2016 Mentor Graphics Corporation
# //  All Rights Reserved.
# //
# //  ModelSim SE-64 and its associated documentation contain trade
# //  secrets and commercial or financial information that are the property of
# //  Mentor Graphics Corporation and are privileged, confidential,
# //  and exempt from disclosure under the Freedom of Information Act,
# //  5 U.S.C. Section 552. Furthermore, this information
# //  is prohibited from disclosure under the Trade Secrets Act,
# //  18 U.S.C. Section 1905.
# //
# do {comb_SA_tb_simulate.do}
# vsim -voptargs=""+acc"" -L xil_defaultlib -L unisims_ver -L unimacro_ver -L secureip -lib xil_defaultlib xil_defaultlib.comb_SA_tb xil_defaultlib.glbl 
# Start time: 15:43:46 on Dec 04,2020
# ** Note: (vsim-3813) Design is being optimized due to module recompilation...
# Loading work.comb_SA_tb(fast)
# Loading work.comb_SA(fast)
# Loading work.processor_AB(fast)
# Loading work.mem(fast)
# Loading work.mem(fast__1)
# Loading work.glbl(fast)
# 1
# 1
# .main_pane.wave.interior.cs.body.pw.wf
# .main_pane.structure.interior.cs.body.struct
# .main_pane.objects.interior.cs.body.tree
run 2us
# 
# runtime: 210 cycles
# 
# 
# runtime: 211 cycles
# 
# 
# runtime: 212 cycles
# 
# 
# runtime: 213 cycles
# 
# 
# runtime: 214 cycles
# 
# 
# runtime: 215 cycles
# 
# 
# runtime: 216 cycles
# 
# 
# runtime: 217 cycles
# 
# 
# runtime: 218 cycles
# 
# End time: 15:44:23 on Dec 04,2020, Elapsed time: 0:00:37
# Errors: 0, Warnings: 0
