# do {comb_SA_tb_compile.do}
# ** Warning: (vlib-34) Library already exists at "modelsim_lib/work".
# ** Warning: (vlib-34) Library already exists at "modelsim_lib/msim".
# ** Warning: (vlib-34) Library already exists at "modelsim_lib/msim/xil_defaultlib".
# Model Technology ModelSim SE-64 vmap 10.5 Lib Mapping Utility 2016.02 Feb 13 2016
# vmap xil_defaultlib modelsim_lib/msim/xil_defaultlib 
# Modifying modelsim.ini
# ** Warning: (vlog-159) Mode option -64 is not supported in this context and will be ignored.
# Model Technology ModelSim SE-64 vlog 10.5 Compiler 2016.02 Feb 13 2016
# Start time: 11:15:22 on Nov 20,2020
# vlog -64 -incr -work xil_defaultlib "+incdir+../../../../Verilog" ../../../../Verilog/comb_SA.v ../../../../Verilog/mem.v ../../../../Verilog/node.v ../../../../Verilog/comb_SA_tb.v 
# -- Compiling module comb_SA
# -- Compiling module mem
# -- Compiling module processor_AB
# -- Compiling module comb_SA_tb
# 
# Top level modules:
# 	comb_SA_tb
# End time: 11:15:41 on Nov 20,2020, Elapsed time: 0:00:19
# Errors: 0, Warnings: 1
# Model Technology ModelSim SE-64 vlog 10.5 Compiler 2016.02 Feb 13 2016
# Start time: 11:15:41 on Nov 20,2020
# vlog -work xil_defaultlib glbl.v 
# -- Compiling module glbl
# 
# Top level modules:
# 	glbl
# End time: 11:15:41 on Nov 20,2020, Elapsed time: 0:00:00
# Errors: 0, Warnings: 0
