# //  ModelSim SE-64 10.5 Feb 13 2016 
# //
# //  Copyright 1991-2016 Mentor Graphics Corporation
# //  All Rights Reserved.
# //
# //  ModelSim SE-64 and its associated documentation contain trade
# //  secrets and commercial or financial information that are the property of
# //  Mentor Graphics Corporation and are privileged, confidential,
# //  and exempt from disclosure under the Freedom of Information Act,
# //  5 U.S.C. Section 552. Furthermore, this information
# //  is prohibited from disclosure under the Trade Secrets Act,
# //  18 U.S.C. Section 1905.
# //
# do {comb_SA_tb_simulate.do}
# vsim -voptargs=""+acc"" -L xil_defaultlib -L unisims_ver -L unimacro_ver -L secureip -lib xil_defaultlib xil_defaultlib.comb_SA_tb xil_defaultlib.glbl 
# Start time: 11:15:50 on Nov 20,2020
# ** Note: (vsim-3812) Design is being optimized...
# ** Error: ../../../../Verilog/comb_SA_tb.v(28): (vopt-2135) Too many port connections. Expected 6, found 13.
# ** Error: ../../../../Verilog/comb_SA_tb.v(28): (vopt-2912) Port 'row0' not found in module 'comb_SA' (7th connection).
# ** Error: ../../../../Verilog/comb_SA_tb.v(28): (vopt-2912) Port 'row1' not found in module 'comb_SA' (8th connection).
# ** Error: ../../../../Verilog/comb_SA_tb.v(28): (vopt-2912) Port 'row2' not found in module 'comb_SA' (9th connection).
# ** Error: ../../../../Verilog/comb_SA_tb.v(28): (vopt-2912) Port 'row3' not found in module 'comb_SA' (10th connection).
# ** Error: ../../../../Verilog/comb_SA_tb.v(28): (vopt-2912) Port 'row4' not found in module 'comb_SA' (11th connection).
# ** Error: ../../../../Verilog/comb_SA_tb.v(28): (vopt-2912) Port 'row5' not found in module 'comb_SA' (12th connection).
# ** Error: ../../../../Verilog/comb_SA_tb.v(28): (vopt-2912) Port 'row6' not found in module 'comb_SA' (13th connection).
# Optimization failed
# Error loading design
# Error: Error loading design
#        Pausing macro execution
# MACRO ./comb_SA_tb_simulate.do PAUSED at line 9
# End time: 11:16:33 on Nov 20,2020, Elapsed time: 0:00:43
# Errors: 8, Warnings: 0
