#-----------------------------------------------------------
# Vivado v2018.1 (64-bit)
# SW Build 2188600 on Wed Apr  4 18:40:38 MDT 2018
# IP Build 2185939 on Wed Apr  4 20:55:05 MDT 2018
# Start of session at: Mon Jun 28 20:25:20 2021
# Process ID: 18192
# Current directory: C:/Users/Hu Jingwei/Dropbox/ROLLO/hardware/Gaussian_Elimination_Versatile_TriSys
# Command line: vivado.exe -gui_launcher_event rodinguilauncherevent2760 C:\Users\Hu Jingwei\Dropbox\ROLLO\hardware\Gaussian_Elimination_Versatile_TriSys\Gaussian_Elimination_Versatile_TriSys.xpr
# Log file: C:/Users/Hu Jingwei/Dropbox/ROLLO/hardware/Gaussian_Elimination_Versatile_TriSys/vivado.log
# Journal file: C:/Users/Hu Jingwei/Dropbox/ROLLO/hardware/Gaussian_Elimination_Versatile_TriSys\vivado.jou
#-----------------------------------------------------------
start_gui
open_project {C:/Users/Hu Jingwei/Dropbox/ROLLO/hardware/Gaussian_Elimination_Versatile_TriSys/Gaussian_Elimination_Versatile_TriSys.xpr}
Scanning sources...
Finished scanning sources
INFO: [IP_Flow 19-234] Refreshing IP repositories
INFO: [IP_Flow 19-1704] No user IP repositories specified
INFO: [IP_Flow 19-2313] Loaded Vivado IP repository 'D:/Xilinx/Vivado/2018.1/data/ip'.
open_project: Time (s): cpu = 00:00:14 ; elapsed = 00:00:10 . Memory (MB): peak = 914.879 ; gain = 181.348
update_compile_order -fileset sources_1
exit
INFO: [Common 17-206] Exiting Vivado at Mon Jun 28 21:01:28 2021...
